<?xml version="1.0" encoding="UTF-8"?>
<testng-results ignored="0" total="1" passed="1" failed="0" skipped="0">
  <reporter-output>
  </reporter-output>
  <suite started-at="2022-01-27T21:52:14 EET" name="Default suite" finished-at="2022-01-27T21:52:28 EET" duration-ms="13761">
    <groups>
      <group name="cucumber">
        <method signature="AbstractTestNGCucumberTests.runScenario(io.cucumber.testng.PickleWrapper,io.cucumber.testng.FeatureWrapper)[pri:0, instance:runner.TestRunner@2805d709]" name="runScenario" class="io.cucumber.testng.AbstractTestNGCucumberTests"/>
      </group> <!-- cucumber -->
    </groups>
    <test started-at="2022-01-27T21:52:14 EET" name="Default test" finished-at="2022-01-27T21:52:28 EET" duration-ms="13761">
      <class name="runner.TestRunner">
        <test-method is-config="true" signature="setUpClass(org.testng.ITestContext)[pri:0, instance:runner.TestRunner@2805d709]" started-at="2022-01-27T21:52:14 EET" name="setUpClass" finished-at="2022-01-27T21:52:15 EET" duration-ms="492" status="PASS">
          <params>
            <param index="0">
              <value>
                <![CDATA[org.testng.TestRunner@1e0a864d]]>
              </value>
            </param>
          </params>
          <reporter-output>
          </reporter-output>
        </test-method> <!-- setUpClass -->
        <test-method is-config="true" signature="setup(java.lang.String)[pri:0, instance:runner.TestRunner@2805d709]" started-at="2022-01-27T21:52:15 EET" name="setup" finished-at="2022-01-27T21:52:22 EET" duration-ms="6913" status="PASS">
          <params>
            <param index="0">
              <value>
                <![CDATA[Chrome]]>
              </value>
            </param>
          </params>
          <reporter-output>
          </reporter-output>
        </test-method> <!-- setup -->
        <test-method signature="runScenario(io.cucumber.testng.PickleWrapper,io.cucumber.testng.FeatureWrapper)[pri:0, instance:runner.TestRunner@2805d709]" started-at="2022-01-27T21:52:22 EET" name="runScenario" description="Runs Cucumber Scenarios" data-provider="scenarios" finished-at="2022-01-27T21:52:28 EET" duration-ms="6227" status="PASS">
          <params>
            <param index="0">
              <value>
                <![CDATA["User Registeration"]]>
              </value>
            </param>
            <param index="1">
              <value>
                <![CDATA["Optional[User Registeration]"]]>
              </value>
            </param>
          </params>
          <reporter-output>
          </reporter-output>
        </test-method> <!-- runScenario -->
        <test-method is-config="true" signature="screenshotonfailuer(org.testng.ITestResult)[pri:0, instance:runner.TestRunner@2805d709]" started-at="2022-01-27T21:52:28 EET" name="screenshotonfailuer" finished-at="2022-01-27T21:52:28 EET" duration-ms="1" status="PASS">
          <params>
            <param index="0">
              <value>
                <![CDATA[[TestResult name=runScenario status=SUCCESS method=AbstractTestNGCucumberTests.runScenario(io.cucumber.testng.PickleWrapper,io.cucumber.testng.FeatureWrapper)[pri:0, instance:runner.TestRunner@2805d709] output={null}]]]>
              </value>
            </param>
          </params>
          <reporter-output>
          </reporter-output>
        </test-method> <!-- screenshotonfailuer -->
        <test-method is-config="true" signature="tearDownClass()[pri:0, instance:runner.TestRunner@2805d709]" started-at="2022-01-27T21:52:28 EET" name="tearDownClass" finished-at="2022-01-27T21:52:28 EET" duration-ms="83" status="PASS">
          <reporter-output>
          </reporter-output>
        </test-method> <!-- tearDownClass -->
      </class> <!-- runner.TestRunner -->
    </test> <!-- Default test -->
  </suite> <!-- Default suite -->
</testng-results>
